# JRE version: OpenJDK Runtime Environment Temurin-21.0.9+10 (21.0.9+10) (build 21.0.9+10-LTS)
# Java VM: OpenJDK 64-Bit Server VM Temurin-21.0.9+10 (21.0.9+10-LTS, mixed mode, sharing, tiered, compressed oops, compressed class ptrs, parallel gc, windows-amd64)
GC Precious Log:
 CardTable entry size: 512
 CPUs: 16 total, 16 available
 Memory: 7876M
 Large Page Support: Disabled
 NUMA Support: Disabled
 Compressed Oops: Enabled (32-bit)
 Alignments: Space 512K, Generation 512K, Heap 2M
 Heap Min Capacity: 100M
 Heap Initial Capacity: 100M
 Heap Max Capacity: 2G
 Pre-touch: Disabled
 Parallel Workers: 13
Heap:
 PSYoungGen      total 12800K, used 7238K [0x00000000d5580000, 0x00000000d6780000, 0x0000000100000000)
  eden space 12288K, 54% used [0x00000000d5580000,0x00000000d5c19898,0x00000000d6180000)
  from space 512K, 93% used [0x00000000d6400000,0x00000000d6478360,0x00000000d6480000)
  to   space 2560K, 0% used [0x00000000d6180000,0x00000000d6180000,0x00000000d6400000)
 ParOldGen       total 68608K, used 47998K [0x0000000080000000, 0x0000000084300000, 0x00000000d5580000)
  object space 68608K, 69% used [0x0000000080000000,0x0000000082edfb78,0x0000000084300000)
 Metaspace       used 62036K, committed 63424K, reserved 1114112K
  class space    used 6679K, committed 7296K, reserved 1048576K
GC Heap History (20 events):
Event: 6.778 GC heap before
{Heap before GC invocations=40 (full 2):
 PSYoungGen      total 14848K, used 14528K [0x00000000d5580000, 0x00000000d6600000, 0x0000000100000000)
  eden space 13312K, 100% used [0x00000000d5580000,0x00000000d6280000,0x00000000d6280000)
  from space 1536K, 79% used [0x00000000d6300000,0x00000000d6430000,0x00000000d6480000)
  to   space 1536K, 0% used [0x00000000d6480000,0x00000000d6480000,0x00000000d6600000)
 ParOldGen       total 68608K, used 52469K [0x0000000080000000, 0x0000000084300000, 0x00000000d5580000)
  object space 68608K, 76% used [0x0000000080000000,0x000000008333d410,0x0000000084300000)
 Metaspace       used 56413K, committed 57792K, reserved 1114112K
  class space    used 6161K, committed 6720K, reserved 1048576K
}
Event: 6.779 GC heap after
{Heap after GC invocations=40 (full 2):
 PSYoungGen      total 14336K, used 676K [0x00000000d5580000, 0x00000000d6580000, 0x0000000100000000)
  eden space 13312K, 0% used [0x00000000d5580000,0x00000000d5580000,0x00000000d6280000)
  from space 1024K, 66% used [0x00000000d6480000,0x00000000d6529268,0x00000000d6580000)
  to   space 1024K, 0% used [0x00000000d6380000,0x00000000d6380000,0x00000000d6480000)
 ParOldGen       total 68608K, used 53472K [0x0000000080000000, 0x0000000084300000, 0x00000000d5580000)
  object space 68608K, 77% used [0x0000000080000000,0x0000000083438340,0x0000000084300000)
 Metaspace       used 56413K, committed 57792K, reserved 1114112K
  class space    used 6161K, committed 6720K, reserved 1048576K
}
Event: 6.881 GC heap before
{Heap before GC invocations=41 (full 2):
 PSYoungGen      total 14336K, used 13988K [0x00000000d5580000, 0x00000000d6580000, 0x0000000100000000)
  eden space 13312K, 100% used [0x00000000d5580000,0x00000000d6280000,0x00000000d6280000)
  from space 1024K, 66% used [0x00000000d6480000,0x00000000d6529268,0x00000000d6580000)
  to   space 1024K, 0% used [0x00000000d6380000,0x00000000d6380000,0x00000000d6480000)
 ParOldGen       total 68608K, used 53472K [0x0000000080000000, 0x0000000084300000, 0x00000000d5580000)
  object space 68608K, 77% used [0x0000000080000000,0x0000000083438340,0x0000000084300000)
 Metaspace       used 57003K, committed 58368K, reserved 1114112K
  class space    used 6232K, committed 6784K, reserved 1048576K
}
Event: 6.882 GC heap after
{Heap after GC invocations=41 (full 2):
 PSYoungGen      total 13824K, used 416K [0x00000000d5580000, 0x00000000d6500000, 0x0000000100000000)
  eden space 13312K, 0% used [0x00000000d5580000,0x00000000d5580000,0x00000000d6280000)
  from space 512K, 81% used [0x00000000d6380000,0x00000000d63e8000,0x00000000d6400000)
  to   space 1024K, 0% used [0x00000000d6400000,0x00000000d6400000,0x00000000d6500000)
 ParOldGen       total 68608K, used 53904K [0x0000000080000000, 0x0000000084300000, 0x00000000d5580000)
  object space 68608K, 78% used [0x0000000080000000,0x00000000834a4268,0x0000000084300000)
 Metaspace       used 57003K, committed 58368K, reserved 1114112K
  class space    used 6232K, committed 6784K, reserved 1048576K
}
Event: 6.976 GC heap before
{Heap before GC invocations=42 (full 2):
 PSYoungGen      total 13824K, used 13728K [0x00000000d5580000, 0x00000000d6500000, 0x0000000100000000)
  eden space 13312K, 100% used [0x00000000d5580000,0x00000000d6280000,0x00000000d6280000)
  from space 512K, 81% used [0x00000000d6380000,0x00000000d63e8000,0x00000000d6400000)
  to   space 1024K, 0% used [0x00000000d6400000,0x00000000d6400000,0x00000000d6500000)
 ParOldGen       total 68608K, used 53904K [0x0000000080000000, 0x0000000084300000, 0x00000000d5580000)
  object space 68608K, 78% used [0x0000000080000000,0x00000000834a4268,0x0000000084300000)
 Metaspace       used 57825K, committed 59136K, reserved 1114112K
  class space    used 6312K, committed 6848K, reserved 1048576K
}
Event: 6.977 GC heap after
{Heap after GC invocations=42 (full 2):
 PSYoungGen      total 13824K, used 448K [0x00000000d5580000, 0x00000000d6480000, 0x0000000100000000)
  eden space 13312K, 0% used [0x00000000d5580000,0x00000000d5580000,0x00000000d6280000)
  from space 512K, 87% used [0x00000000d6400000,0x00000000d6470000,0x00000000d6480000)
  to   space 512K, 0% used [0x00000000d6380000,0x00000000d6380000,0x00000000d6400000)
 ParOldGen       total 68608K, used 54128K [0x0000000080000000, 0x0000000084300000, 0x00000000d5580000)
  object space 68608K, 78% used [0x0000000080000000,0x00000000834dc268,0x0000000084300000)
 Metaspace       used 57825K, committed 59136K, reserved 1114112K
  class space    used 6312K, committed 6848K, reserved 1048576K
}
Event: 7.016 GC heap before
{Heap before GC invocations=43 (full 2):
 PSYoungGen      total 13824K, used 13681K [0x00000000d5580000, 0x00000000d6480000, 0x0000000100000000)
  eden space 13312K, 99% used [0x00000000d5580000,0x00000000d626c730,0x00000000d6280000)
  from space 512K, 87% used [0x00000000d6400000,0x00000000d6470000,0x00000000d6480000)
  to   space 512K, 0% used [0x00000000d6380000,0x00000000d6380000,0x00000000d6400000)
 ParOldGen       total 68608K, used 54128K [0x0000000080000000, 0x0000000084300000, 0x00000000d5580000)
  object space 68608K, 78% used [0x0000000080000000,0x00000000834dc268,0x0000000084300000)
 Metaspace       used 58180K, committed 59520K, reserved 1114112K
  class space    used 6342K, committed 6912K, reserved 1048576K
}
Event: 7.018 GC heap after
{Heap after GC invocations=43 (full 2):
 PSYoungGen      total 13824K, used 498K [0x00000000d5580000, 0x00000000d6680000, 0x0000000100000000)
  eden space 13312K, 0% used [0x00000000d5580000,0x00000000d5580000,0x00000000d6280000)
  from space 512K, 97% used [0x00000000d6380000,0x00000000d63fc908,0x00000000d6400000)
  to   space 2048K, 0% used [0x00000000d6480000,0x00000000d6480000,0x00000000d6680000)
 ParOldGen       total 68608K, used 55329K [0x0000000080000000, 0x0000000084300000, 0x00000000d5580000)
  object space 68608K, 80% used [0x0000000080000000,0x00000000836086d8,0x0000000084300000)
 Metaspace       used 58180K, committed 59520K, reserved 1114112K
  class space    used 6342K, committed 6912K, reserved 1048576K
}
Event: 7.044 GC heap before
{Heap before GC invocations=44 (full 2):
 PSYoungGen      total 13824K, used 13810K [0x00000000d5580000, 0x00000000d6680000, 0x0000000100000000)
  eden space 13312K, 100% used [0x00000000d5580000,0x00000000d6280000,0x00000000d6280000)
  from space 512K, 97% used [0x00000000d6380000,0x00000000d63fc908,0x00000000d6400000)
  to   space 2048K, 0% used [0x00000000d6480000,0x00000000d6480000,0x00000000d6680000)
 ParOldGen       total 68608K, used 55329K [0x0000000080000000, 0x0000000084300000, 0x00000000d5580000)
  object space 68608K, 80% used [0x0000000080000000,0x00000000836086d8,0x0000000084300000)
 Metaspace       used 58192K, committed 59520K, reserved 1114112K
  class space    used 6342K, committed 6912K, reserved 1048576K
}
Event: 7.045 GC heap after
{Heap after GC invocations=44 (full 2):
 PSYoungGen      total 14848K, used 1371K [0x00000000d5580000, 0x00000000d6600000, 0x0000000100000000)
  eden space 13312K, 0% used [0x00000000d5580000,0x00000000d5580000,0x00000000d6280000)
  from space 1536K, 89% used [0x00000000d6480000,0x00000000d65d6d30,0x00000000d6600000)
  to   space 1536K, 0% used [0x00000000d6300000,0x00000000d6300000,0x00000000d6480000)
 ParOldGen       total 68608K, used 55753K [0x0000000080000000, 0x0000000084300000, 0x00000000d5580000)
  object space 68608K, 81% used [0x0000000080000000,0x00000000836727d0,0x0000000084300000)
 Metaspace       used 58192K, committed 59520K, reserved 1114112K
  class space    used 6342K, committed 6912K, reserved 1048576K
}
Event: 7.066 GC heap before
{Heap before GC invocations=45 (full 2):
 PSYoungGen      total 14848K, used 13703K [0x00000000d5580000, 0x00000000d6600000, 0x0000000100000000)
  eden space 13312K, 92% used [0x00000000d5580000,0x00000000d618b038,0x00000000d6280000)
  from space 1536K, 89% used [0x00000000d6480000,0x00000000d65d6d30,0x00000000d6600000)
  to   space 1536K, 0% used [0x00000000d6300000,0x00000000d6300000,0x00000000d6480000)
 ParOldGen       total 68608K, used 55753K [0x0000000080000000, 0x0000000084300000, 0x00000000d5580000)
  object space 68608K, 81% used [0x0000000080000000,0x00000000836727d0,0x0000000084300000)
 Metaspace       used 58478K, committed 59776K, reserved 1114112K
  class space    used 6359K, committed 6912K, reserved 1048576K
}
Event: 7.067 GC heap after
{Heap after GC invocations=45 (full 2):
 PSYoungGen      total 13824K, used 224K [0x00000000d5580000, 0x00000000d6500000, 0x0000000100000000)
  eden space 13312K, 0% used [0x00000000d5580000,0x00000000d5580000,0x00000000d6280000)
  from space 512K, 43% used [0x00000000d6300000,0x00000000d6338000,0x00000000d6380000)
  to   space 1024K, 0% used [0x00000000d6400000,0x00000000d6400000,0x00000000d6500000)
 ParOldGen       total 68608K, used 55988K [0x0000000080000000, 0x0000000084300000, 0x00000000d5580000)
  object space 68608K, 81% used [0x0000000080000000,0x00000000836ad0f0,0x0000000084300000)
 Metaspace       used 58478K, committed 59776K, reserved 1114112K
  class space    used 6359K, committed 6912K, reserved 1048576K
}
Event: 7.067 GC heap before
{Heap before GC invocations=46 (full 3):
 PSYoungGen      total 13824K, used 224K [0x00000000d5580000, 0x00000000d6500000, 0x0000000100000000)
  eden space 13312K, 0% used [0x00000000d5580000,0x00000000d5580000,0x00000000d6280000)
  from space 512K, 43% used [0x00000000d6300000,0x00000000d6338000,0x00000000d6380000)
  to   space 1024K, 0% used [0x00000000d6400000,0x00000000d6400000,0x00000000d6500000)
 ParOldGen       total 68608K, used 55988K [0x0000000080000000, 0x0000000084300000, 0x00000000d5580000)
  object space 68608K, 81% used [0x0000000080000000,0x00000000836ad0f0,0x0000000084300000)
 Metaspace       used 58478K, committed 59776K, reserved 1114112K
  class space    used 6359K, committed 6912K, reserved 1048576K
}
Event: 7.107 GC heap after
{Heap after GC invocations=46 (full 3):
 PSYoungGen      total 13824K, used 0K [0x00000000d5580000, 0x00000000d6500000, 0x0000000100000000)
  eden space 13312K, 0% used [0x00000000d5580000,0x00000000d5580000,0x00000000d6280000)
  from space 512K, 0% used [0x00000000d6300000,0x00000000d6300000,0x00000000d6380000)
  to   space 1024K, 0% used [0x00000000d6400000,0x00000000d6400000,0x00000000d6500000)
 ParOldGen       total 68608K, used 46138K [0x0000000080000000, 0x0000000084300000, 0x00000000d5580000)
  object space 68608K, 67% used [0x0000000080000000,0x0000000082d0ebd0,0x0000000084300000)
 Metaspace       used 58478K, committed 59776K, reserved 1114112K
  class space    used 6359K, committed 6912K, reserved 1048576K
}
Event: 7.305 GC heap before
{Heap before GC invocations=47 (full 3):
 PSYoungGen      total 13824K, used 13312K [0x00000000d5580000, 0x00000000d6500000, 0x0000000100000000)
  eden space 13312K, 100% used [0x00000000d5580000,0x00000000d6280000,0x00000000d6280000)
  from space 512K, 0% used [0x00000000d6300000,0x00000000d6300000,0x00000000d6380000)
  to   space 1024K, 0% used [0x00000000d6400000,0x00000000d6400000,0x00000000d6500000)
 ParOldGen       total 68608K, used 46138K [0x0000000080000000, 0x0000000084300000, 0x00000000d5580000)
  object space 68608K, 67% used [0x0000000080000000,0x0000000082d0ebd0,0x0000000084300000)
 Metaspace       used 60464K, committed 61824K, reserved 1114112K
  class space    used 6574K, committed 7168K, reserved 1048576K
}
Event: 7.306 GC heap after
{Heap after GC invocations=47 (full 3):
 PSYoungGen      total 14336K, used 544K [0x00000000d5580000, 0x00000000d6500000, 0x0000000100000000)
  eden space 13312K, 0% used [0x00000000d5580000,0x00000000d5580000,0x00000000d6280000)
  from space 1024K, 53% used [0x00000000d6400000,0x00000000d6488000,0x00000000d6500000)
  to   space 1024K, 0% used [0x00000000d6300000,0x00000000d6300000,0x00000000d6400000)
 ParOldGen       total 68608K, used 46146K [0x0000000080000000, 0x0000000084300000, 0x00000000d5580000)
  object space 68608K, 67% used [0x0000000080000000,0x0000000082d10bd0,0x0000000084300000)
 Metaspace       used 60464K, committed 61824K, reserved 1114112K
  class space    used 6574K, committed 7168K, reserved 1048576K
}
Event: 7.625 GC heap before
{Heap before GC invocations=48 (full 3):
 PSYoungGen      total 14336K, used 13856K [0x00000000d5580000, 0x00000000d6500000, 0x0000000100000000)
  eden space 13312K, 100% used [0x00000000d5580000,0x00000000d6280000,0x00000000d6280000)
  from space 1024K, 53% used [0x00000000d6400000,0x00000000d6488000,0x00000000d6500000)
  to   space 1024K, 0% used [0x00000000d6300000,0x00000000d6300000,0x00000000d6400000)
 ParOldGen       total 68608K, used 46146K [0x0000000080000000, 0x0000000084300000, 0x00000000d5580000)
  object space 68608K, 67% used [0x0000000080000000,0x0000000082d10bd0,0x0000000084300000)
 Metaspace       used 60996K, committed 62336K, reserved 1114112K
  class space    used 6595K, committed 7168K, reserved 1048576K
}
Event: 7.626 GC heap after
{Heap after GC invocations=48 (full 3):
 PSYoungGen      total 14336K, used 768K [0x00000000d5580000, 0x00000000d6480000, 0x0000000100000000)
  eden space 13312K, 0% used [0x00000000d5580000,0x00000000d5580000,0x00000000d6280000)
  from space 1024K, 75% used [0x00000000d6300000,0x00000000d63c0000,0x00000000d6400000)
  to   space 512K, 0% used [0x00000000d6400000,0x00000000d6400000,0x00000000d6480000)
 ParOldGen       total 68608K, used 46475K [0x0000000080000000, 0x0000000084300000, 0x00000000d5580000)
  object space 68608K, 67% used [0x0000000080000000,0x0000000082d62d80,0x0000000084300000)
 Metaspace       used 60996K, committed 62336K, reserved 1114112K
  class space    used 6595K, committed 7168K, reserved 1048576K
}
Event: 7.778 GC heap before
{Heap before GC invocations=49 (full 3):
 PSYoungGen      total 14336K, used 14080K [0x00000000d5580000, 0x00000000d6480000, 0x0000000100000000)
  eden space 13312K, 100% used [0x00000000d5580000,0x00000000d6280000,0x00000000d6280000)
  from space 1024K, 75% used [0x00000000d6300000,0x00000000d63c0000,0x00000000d6400000)
  to   space 512K, 0% used [0x00000000d6400000,0x00000000d6400000,0x00000000d6480000)
 ParOldGen       total 68608K, used 46475K [0x0000000080000000, 0x0000000084300000, 0x00000000d5580000)
  object space 68608K, 67% used [0x0000000080000000,0x0000000082d62d80,0x0000000084300000)
 Metaspace       used 61463K, committed 62848K, reserved 1114112K
  class space    used 6634K, committed 7232K, reserved 1048576K
}
Event: 7.780 GC heap after
{Heap after GC invocations=49 (full 3):
 PSYoungGen      total 12800K, used 480K [0x00000000d5580000, 0x00000000d6780000, 0x0000000100000000)
  eden space 12288K, 0% used [0x00000000d5580000,0x00000000d5580000,0x00000000d6180000)
  from space 512K, 93% used [0x00000000d6400000,0x00000000d6478360,0x00000000d6480000)
  to   space 2560K, 0% used [0x00000000d6180000,0x00000000d6180000,0x00000000d6400000)
 ParOldGen       total 68608K, used 47998K [0x0000000080000000, 0x0000000084300000, 0x00000000d5580000)
  object space 68608K, 69% used [0x0000000080000000,0x0000000082edfb78,0x0000000084300000)
 Metaspace       used 61463K, committed 62848K, reserved 1114112K
  class space    used 6634K, committed 7232K, reserved 1048576K
}

