# JRE version: OpenJDK Runtime Environment Temurin-21.0.9+10 (21.0.9+10) (build 21.0.9+10-LTS)
# Java VM: OpenJDK 64-Bit Server VM Temurin-21.0.9+10 (21.0.9+10-LTS, mixed mode, sharing, tiered, compressed oops, compressed class ptrs, parallel gc, windows-amd64)
GC Precious Log:
 CardTable entry size: 512
 CPUs: 16 total, 16 available
 Memory: 7876M
 Large Page Support: Disabled
 NUMA Support: Disabled
 Compressed Oops: Enabled (32-bit)
 Alignments: Space 512K, Generation 512K, Heap 2M
 Heap Min Capacity: 100M
 Heap Initial Capacity: 100M
 Heap Max Capacity: 2G
 Pre-touch: Disabled
 Parallel Workers: 13
Heap:
 PSYoungGen      total 19968K, used 17440K [0x00000000d5580000, 0x00000000d7800000, 0x0000000100000000)
  eden space 18944K, 86% used [0x00000000d5580000,0x00000000d658bd20,0x00000000d6800000)
  from space 1024K, 98% used [0x00000000d6e80000,0x00000000d6f7c340,0x00000000d6f80000)
  to   space 6656K, 0% used [0x00000000d6800000,0x00000000d6800000,0x00000000d6e80000)
 ParOldGen       total 68608K, used 30010K [0x0000000080000000, 0x0000000084300000, 0x00000000d5580000)
  object space 68608K, 43% used [0x0000000080000000,0x0000000081d4eb20,0x0000000084300000)
 Metaspace       used 39246K, committed 40448K, reserved 1114112K
  class space    used 4125K, committed 4672K, reserved 1048576K
GC Heap History (20 events):
Event: 1.735 GC heap before
{Heap before GC invocations=9 (full 1):
 PSYoungGen      total 29184K, used 24576K [0x00000000d5580000, 0x00000000d7780000, 0x0000000100000000)
  eden space 24576K, 100% used [0x00000000d5580000,0x00000000d6d80000,0x00000000d6d80000)
  from space 4608K, 0% used [0x00000000d6d80000,0x00000000d6d80000,0x00000000d7200000)
  to   space 5120K, 0% used [0x00000000d7280000,0x00000000d7280000,0x00000000d7780000)
 ParOldGen       total 68608K, used 12727K [0x0000000080000000, 0x0000000084300000, 0x00000000d5580000)
  object space 68608K, 18% used [0x0000000080000000,0x0000000080c6def8,0x0000000084300000)
 Metaspace       used 22677K, committed 23616K, reserved 1114112K
  class space    used 2374K, committed 2752K, reserved 1048576K
}
Event: 1.736 GC heap after
{Heap after GC invocations=9 (full 1):
 PSYoungGen      total 26624K, used 2299K [0x00000000d5580000, 0x00000000d7500000, 0x0000000100000000)
  eden space 24064K, 0% used [0x00000000d5580000,0x00000000d5580000,0x00000000d6d00000)
  from space 2560K, 89% used [0x00000000d7280000,0x00000000d74bed18,0x00000000d7500000)
  to   space 3584K, 0% used [0x00000000d6e00000,0x00000000d6e00000,0x00000000d7180000)
 ParOldGen       total 68608K, used 12735K [0x0000000080000000, 0x0000000084300000, 0x00000000d5580000)
  object space 68608K, 18% used [0x0000000080000000,0x0000000080c6fef8,0x0000000084300000)
 Metaspace       used 22677K, committed 23616K, reserved 1114112K
  class space    used 2374K, committed 2752K, reserved 1048576K
}
Event: 1.864 GC heap before
{Heap before GC invocations=10 (full 1):
 PSYoungGen      total 26624K, used 26363K [0x00000000d5580000, 0x00000000d7500000, 0x0000000100000000)
  eden space 24064K, 100% used [0x00000000d5580000,0x00000000d6d00000,0x00000000d6d00000)
  from space 2560K, 89% used [0x00000000d7280000,0x00000000d74bed18,0x00000000d7500000)
  to   space 3584K, 0% used [0x00000000d6e00000,0x00000000d6e00000,0x00000000d7180000)
 ParOldGen       total 68608K, used 12735K [0x0000000080000000, 0x0000000084300000, 0x00000000d5580000)
  object space 68608K, 18% used [0x0000000080000000,0x0000000080c6fef8,0x0000000084300000)
 Metaspace       used 26371K, committed 27264K, reserved 1114112K
  class space    used 2637K, committed 3008K, reserved 1048576K
}
Event: 1.865 GC heap after
{Heap after GC invocations=10 (full 1):
 PSYoungGen      total 25600K, used 1547K [0x00000000d5580000, 0x00000000d7300000, 0x0000000100000000)
  eden space 23552K, 0% used [0x00000000d5580000,0x00000000d5580000,0x00000000d6c80000)
  from space 2048K, 75% used [0x00000000d6e00000,0x00000000d6f82dc8,0x00000000d7000000)
  to   space 2048K, 0% used [0x00000000d7100000,0x00000000d7100000,0x00000000d7300000)
 ParOldGen       total 68608K, used 12743K [0x0000000080000000, 0x0000000084300000, 0x00000000d5580000)
  object space 68608K, 18% used [0x0000000080000000,0x0000000080c71ef8,0x0000000084300000)
 Metaspace       used 26371K, committed 27264K, reserved 1114112K
  class space    used 2637K, committed 3008K, reserved 1048576K
}
Event: 1.986 GC heap before
{Heap before GC invocations=11 (full 1):
 PSYoungGen      total 25600K, used 25099K [0x00000000d5580000, 0x00000000d7300000, 0x0000000100000000)
  eden space 23552K, 100% used [0x00000000d5580000,0x00000000d6c80000,0x00000000d6c80000)
  from space 2048K, 75% used [0x00000000d6e00000,0x00000000d6f82dc8,0x00000000d7000000)
  to   space 2048K, 0% used [0x00000000d7100000,0x00000000d7100000,0x00000000d7300000)
 ParOldGen       total 68608K, used 12743K [0x0000000080000000, 0x0000000084300000, 0x00000000d5580000)
  object space 68608K, 18% used [0x0000000080000000,0x0000000080c71ef8,0x0000000084300000)
 Metaspace       used 27899K, committed 28928K, reserved 1114112K
  class space    used 2741K, committed 3200K, reserved 1048576K
}
Event: 1.987 GC heap after
{Heap after GC invocations=11 (full 1):
 PSYoungGen      total 25088K, used 2043K [0x00000000d5580000, 0x00000000d7300000, 0x0000000100000000)
  eden space 23040K, 0% used [0x00000000d5580000,0x00000000d5580000,0x00000000d6c00000)
  from space 2048K, 99% used [0x00000000d7100000,0x00000000d72feda0,0x00000000d7300000)
  to   space 2560K, 0% used [0x00000000d6e00000,0x00000000d6e00000,0x00000000d7080000)
 ParOldGen       total 68608K, used 14552K [0x0000000080000000, 0x0000000084300000, 0x00000000d5580000)
  object space 68608K, 21% used [0x0000000080000000,0x0000000080e362b0,0x0000000084300000)
 Metaspace       used 27899K, committed 28928K, reserved 1114112K
  class space    used 2741K, committed 3200K, reserved 1048576K
}
Event: 2.171 GC heap before
{Heap before GC invocations=12 (full 1):
 PSYoungGen      total 25088K, used 25079K [0x00000000d5580000, 0x00000000d7300000, 0x0000000100000000)
  eden space 23040K, 99% used [0x00000000d5580000,0x00000000d6bfef78,0x00000000d6c00000)
  from space 2048K, 99% used [0x00000000d7100000,0x00000000d72feda0,0x00000000d7300000)
  to   space 2560K, 0% used [0x00000000d6e00000,0x00000000d6e00000,0x00000000d7080000)
 ParOldGen       total 68608K, used 14552K [0x0000000080000000, 0x0000000084300000, 0x00000000d5580000)
  object space 68608K, 21% used [0x0000000080000000,0x0000000080e362b0,0x0000000084300000)
 Metaspace       used 31296K, committed 32512K, reserved 1114112K
  class space    used 3119K, committed 3648K, reserved 1048576K
}
Event: 2.174 GC heap after
{Heap after GC invocations=12 (full 1):
 PSYoungGen      total 25088K, used 2522K [0x00000000d5580000, 0x00000000d7180000, 0x0000000100000000)
  eden space 22528K, 0% used [0x00000000d5580000,0x00000000d5580000,0x00000000d6b80000)
  from space 2560K, 98% used [0x00000000d6e00000,0x00000000d7076b10,0x00000000d7080000)
  to   space 1024K, 0% used [0x00000000d7080000,0x00000000d7080000,0x00000000d7180000)
 ParOldGen       total 68608K, used 16402K [0x0000000080000000, 0x0000000084300000, 0x00000000d5580000)
  object space 68608K, 23% used [0x0000000080000000,0x0000000081004898,0x0000000084300000)
 Metaspace       used 31296K, committed 32512K, reserved 1114112K
  class space    used 3119K, committed 3648K, reserved 1048576K
}
Event: 2.272 GC heap before
{Heap before GC invocations=13 (full 1):
 PSYoungGen      total 25088K, used 25050K [0x00000000d5580000, 0x00000000d7180000, 0x0000000100000000)
  eden space 22528K, 100% used [0x00000000d5580000,0x00000000d6b80000,0x00000000d6b80000)
  from space 2560K, 98% used [0x00000000d6e00000,0x00000000d7076b10,0x00000000d7080000)
  to   space 1024K, 0% used [0x00000000d7080000,0x00000000d7080000,0x00000000d7180000)
 ParOldGen       total 68608K, used 16402K [0x0000000080000000, 0x0000000084300000, 0x00000000d5580000)
  object space 68608K, 23% used [0x0000000080000000,0x0000000081004898,0x0000000084300000)
 Metaspace       used 33947K, committed 35072K, reserved 1114112K
  class space    used 3444K, committed 3968K, reserved 1048576K
}
Event: 2.275 GC heap after
{Heap after GC invocations=13 (full 1):
 PSYoungGen      total 23040K, used 1024K [0x00000000d5580000, 0x00000000d7500000, 0x0000000100000000)
  eden space 22016K, 0% used [0x00000000d5580000,0x00000000d5580000,0x00000000d6b00000)
  from space 1024K, 100% used [0x00000000d7080000,0x00000000d7180000,0x00000000d7180000)
  to   space 5120K, 0% used [0x00000000d6b00000,0x00000000d6b00000,0x00000000d7000000)
 ParOldGen       total 68608K, used 19698K [0x0000000080000000, 0x0000000084300000, 0x00000000d5580000)
  object space 68608K, 28% used [0x0000000080000000,0x000000008133c910,0x0000000084300000)
 Metaspace       used 33947K, committed 35072K, reserved 1114112K
  class space    used 3444K, committed 3968K, reserved 1048576K
}
Event: 2.323 GC heap before
{Heap before GC invocations=14 (full 1):
 PSYoungGen      total 23040K, used 8692K [0x00000000d5580000, 0x00000000d7500000, 0x0000000100000000)
  eden space 22016K, 34% used [0x00000000d5580000,0x00000000d5cfd058,0x00000000d6b00000)
  from space 1024K, 100% used [0x00000000d7080000,0x00000000d7180000,0x00000000d7180000)
  to   space 5120K, 0% used [0x00000000d6b00000,0x00000000d6b00000,0x00000000d7000000)
 ParOldGen       total 68608K, used 19698K [0x0000000080000000, 0x0000000084300000, 0x00000000d5580000)
  object space 68608K, 28% used [0x0000000080000000,0x000000008133c910,0x0000000084300000)
 Metaspace       used 34704K, committed 35904K, reserved 1114112K
  class space    used 3529K, committed 4032K, reserved 1048576K
}
Event: 2.324 GC heap after
{Heap after GC invocations=14 (full 1):
 PSYoungGen      total 23040K, used 816K [0x00000000d5580000, 0x00000000d7100000, 0x0000000100000000)
  eden space 22016K, 0% used [0x00000000d5580000,0x00000000d5580000,0x00000000d6b00000)
  from space 1024K, 79% used [0x00000000d6b00000,0x00000000d6bcc210,0x00000000d6c00000)
  to   space 2560K, 0% used [0x00000000d6e80000,0x00000000d6e80000,0x00000000d7100000)
 ParOldGen       total 68608K, used 20642K [0x0000000080000000, 0x0000000084300000, 0x00000000d5580000)
  object space 68608K, 30% used [0x0000000080000000,0x0000000081428910,0x0000000084300000)
 Metaspace       used 34704K, committed 35904K, reserved 1114112K
  class space    used 3529K, committed 4032K, reserved 1048576K
}
Event: 2.336 GC heap before
{Heap before GC invocations=15 (full 1):
 PSYoungGen      total 23040K, used 3616K [0x00000000d5580000, 0x00000000d7100000, 0x0000000100000000)
  eden space 22016K, 12% used [0x00000000d5580000,0x00000000d583c0f8,0x00000000d6b00000)
  from space 1024K, 79% used [0x00000000d6b00000,0x00000000d6bcc210,0x00000000d6c00000)
  to   space 2560K, 0% used [0x00000000d6e80000,0x00000000d6e80000,0x00000000d7100000)
 ParOldGen       total 68608K, used 20642K [0x0000000080000000, 0x0000000084300000, 0x00000000d5580000)
  object space 68608K, 30% used [0x0000000080000000,0x0000000081428910,0x0000000084300000)
 Metaspace       used 35049K, committed 36160K, reserved 1114112K
  class space    used 3570K, committed 4032K, reserved 1048576K
}
Event: 2.336 GC heap after
{Heap after GC invocations=15 (full 1):
 PSYoungGen      total 23040K, used 544K [0x00000000d5580000, 0x00000000d6f80000, 0x0000000100000000)
  eden space 22016K, 0% used [0x00000000d5580000,0x00000000d5580000,0x00000000d6b00000)
  from space 1024K, 53% used [0x00000000d6e80000,0x00000000d6f08000,0x00000000d6f80000)
  to   space 1024K, 0% used [0x00000000d6b00000,0x00000000d6b00000,0x00000000d6c00000)
 ParOldGen       total 68608K, used 21064K [0x0000000080000000, 0x0000000084300000, 0x00000000d5580000)
  object space 68608K, 30% used [0x0000000080000000,0x0000000081492098,0x0000000084300000)
 Metaspace       used 35049K, committed 36160K, reserved 1114112K
  class space    used 3570K, committed 4032K, reserved 1048576K
}
Event: 2.336 GC heap before
{Heap before GC invocations=16 (full 2):
 PSYoungGen      total 23040K, used 544K [0x00000000d5580000, 0x00000000d6f80000, 0x0000000100000000)
  eden space 22016K, 0% used [0x00000000d5580000,0x00000000d5580000,0x00000000d6b00000)
  from space 1024K, 53% used [0x00000000d6e80000,0x00000000d6f08000,0x00000000d6f80000)
  to   space 1024K, 0% used [0x00000000d6b00000,0x00000000d6b00000,0x00000000d6c00000)
 ParOldGen       total 68608K, used 21064K [0x0000000080000000, 0x0000000084300000, 0x00000000d5580000)
  object space 68608K, 30% used [0x0000000080000000,0x0000000081492098,0x0000000084300000)
 Metaspace       used 35049K, committed 36160K, reserved 1114112K
  class space    used 3570K, committed 4032K, reserved 1048576K
}
Event: 2.353 GC heap after
{Heap after GC invocations=16 (full 2):
 PSYoungGen      total 23040K, used 0K [0x00000000d5580000, 0x00000000d6f80000, 0x0000000100000000)
  eden space 22016K, 0% used [0x00000000d5580000,0x00000000d5580000,0x00000000d6b00000)
  from space 1024K, 0% used [0x00000000d6e80000,0x00000000d6e80000,0x00000000d6f80000)
  to   space 1024K, 0% used [0x00000000d6b00000,0x00000000d6b00000,0x00000000d6c00000)
 ParOldGen       total 68608K, used 20154K [0x0000000080000000, 0x0000000084300000, 0x00000000d5580000)
  object space 68608K, 29% used [0x0000000080000000,0x00000000813ae8f0,0x0000000084300000)
 Metaspace       used 35049K, committed 36160K, reserved 1114112K
  class space    used 3570K, committed 4032K, reserved 1048576K
}
Event: 2.476 GC heap before
{Heap before GC invocations=17 (full 2):
 PSYoungGen      total 23040K, used 22016K [0x00000000d5580000, 0x00000000d6f80000, 0x0000000100000000)
  eden space 22016K, 100% used [0x00000000d5580000,0x00000000d6b00000,0x00000000d6b00000)
  from space 1024K, 0% used [0x00000000d6e80000,0x00000000d6e80000,0x00000000d6f80000)
  to   space 1024K, 0% used [0x00000000d6b00000,0x00000000d6b00000,0x00000000d6c00000)
 ParOldGen       total 68608K, used 20154K [0x0000000080000000, 0x0000000084300000, 0x00000000d5580000)
  object space 68608K, 29% used [0x0000000080000000,0x00000000813ae8f0,0x0000000084300000)
 Metaspace       used 36137K, committed 37312K, reserved 1114112K
  class space    used 3687K, committed 4224K, reserved 1048576K
}
Event: 3.557 GC heap after
{Heap after GC invocations=17 (full 2):
 PSYoungGen      total 23040K, used 1024K [0x00000000d5580000, 0x00000000d6f80000, 0x0000000100000000)
  eden space 22016K, 0% used [0x00000000d5580000,0x00000000d5580000,0x00000000d6b00000)
  from space 1024K, 100% used [0x00000000d6b00000,0x00000000d6c00000,0x00000000d6c00000)
  to   space 1024K, 0% used [0x00000000d6e80000,0x00000000d6e80000,0x00000000d6f80000)
 ParOldGen       total 68608K, used 24969K [0x0000000080000000, 0x0000000084300000, 0x00000000d5580000)
  object space 68608K, 36% used [0x0000000080000000,0x0000000081862630,0x0000000084300000)
 Metaspace       used 36137K, committed 37312K, reserved 1114112K
  class space    used 3687K, committed 4224K, reserved 1048576K
}
Event: 3.733 GC heap before
{Heap before GC invocations=18 (full 2):
 PSYoungGen      total 23040K, used 23040K [0x00000000d5580000, 0x00000000d6f80000, 0x0000000100000000)
  eden space 22016K, 100% used [0x00000000d5580000,0x00000000d6b00000,0x00000000d6b00000)
  from space 1024K, 100% used [0x00000000d6b00000,0x00000000d6c00000,0x00000000d6c00000)
  to   space 1024K, 0% used [0x00000000d6e80000,0x00000000d6e80000,0x00000000d6f80000)
 ParOldGen       total 68608K, used 24969K [0x0000000080000000, 0x0000000084300000, 0x00000000d5580000)
  object space 68608K, 36% used [0x0000000080000000,0x0000000081862630,0x0000000084300000)
 Metaspace       used 38235K, committed 39488K, reserved 1114112K
  class space    used 3981K, committed 4544K, reserved 1048576K
}
Event: 3.737 GC heap after
{Heap after GC invocations=18 (full 2):
 PSYoungGen      total 19968K, used 1008K [0x00000000d5580000, 0x00000000d7800000, 0x0000000100000000)
  eden space 18944K, 0% used [0x00000000d5580000,0x00000000d5580000,0x00000000d6800000)
  from space 1024K, 98% used [0x00000000d6e80000,0x00000000d6f7c340,0x00000000d6f80000)
  to   space 6656K, 0% used [0x00000000d6800000,0x00000000d6800000,0x00000000d6e80000)
 ParOldGen       total 68608K, used 30010K [0x0000000080000000, 0x0000000084300000, 0x00000000d5580000)
  object space 68608K, 43% used [0x0000000080000000,0x0000000081d4eb20,0x0000000084300000)
 Metaspace       used 38235K, committed 39488K, reserved 1114112K
  class space    used 3981K, committed 4544K, reserved 1048576K
}

