# JRE version: OpenJDK Runtime Environment Temurin-21.0.9+10 (21.0.9+10) (build 21.0.9+10-LTS)
# Java VM: OpenJDK 64-Bit Server VM Temurin-21.0.9+10 (21.0.9+10-LTS, mixed mode, sharing, tiered, compressed oops, compressed class ptrs, parallel gc, windows-amd64)
GC Precious Log:
 CardTable entry size: 512
 CPUs: 16 total, 16 available
 Memory: 7876M
 Large Page Support: Disabled
 NUMA Support: Disabled
 Compressed Oops: Enabled (32-bit)
 Alignments: Space 512K, Generation 512K, Heap 2M
 Heap Min Capacity: 100M
 Heap Initial Capacity: 100M
 Heap Max Capacity: 2G
 Pre-touch: Disabled
 Parallel Workers: 13
Heap:
 PSYoungGen      total 4096K, used 2364K [0x00000000d5580000, 0x00000000d6200000, 0x0000000100000000)
  eden space 3072K, 43% used [0x00000000d5580000,0x00000000d56d03f0,0x00000000d5880000)
  from space 1024K, 99% used [0x00000000d5c80000,0x00000000d5d7ef08,0x00000000d5d80000)
  to   space 4096K, 0% used [0x00000000d5880000,0x00000000d5880000,0x00000000d5c80000)
 ParOldGen       total 167424K, used 167421K [0x0000000080000000, 0x000000008a380000, 0x00000000d5580000)
  object space 167424K, 99% used [0x0000000080000000,0x000000008a37f410,0x000000008a380000)
 Metaspace       used 65635K, committed 67136K, reserved 1114112K
  class space    used 6887K, committed 7552K, reserved 1048576K
GC Heap History (20 events):
Event: 12.541 GC heap before
{Heap before GC invocations=86 (full 3):
 PSYoungGen      total 6144K, used 5927K [0x00000000d5580000, 0x00000000d6180000, 0x0000000100000000)
  eden space 4608K, 99% used [0x00000000d5580000,0x00000000d59ffff0,0x00000000d5a00000)
  from space 1536K, 85% used [0x00000000d6000000,0x00000000d6149cc8,0x00000000d6180000)
  to   space 2560K, 0% used [0x00000000d5c80000,0x00000000d5c80000,0x00000000d5f00000)
 ParOldGen       total 153088K, used 153080K [0x0000000080000000, 0x0000000089580000, 0x00000000d5580000)
  object space 153088K, 99% used [0x0000000080000000,0x000000008957e270,0x0000000089580000)
 Metaspace       used 64927K, committed 66432K, reserved 1114112K
  class space    used 6814K, committed 7488K, reserved 1048576K
}
Event: 12.543 GC heap after
{Heap after GC invocations=86 (full 3):
 PSYoungGen      total 6656K, used 1757K [0x00000000d5580000, 0x00000000d6080000, 0x0000000100000000)
  eden space 4608K, 0% used [0x00000000d5580000,0x00000000d5580000,0x00000000d5a00000)
  from space 2048K, 85% used [0x00000000d5c80000,0x00000000d5e374f0,0x00000000d5e80000)
  to   space 2048K, 0% used [0x00000000d5e80000,0x00000000d5e80000,0x00000000d6080000)
 ParOldGen       total 154624K, used 154137K [0x0000000080000000, 0x0000000089700000, 0x00000000d5580000)
  object space 154624K, 99% used [0x0000000080000000,0x00000000896864d0,0x0000000089700000)
 Metaspace       used 64927K, committed 66432K, reserved 1114112K
  class space    used 6814K, committed 7488K, reserved 1048576K
}
Event: 12.568 GC heap before
{Heap before GC invocations=87 (full 3):
 PSYoungGen      total 6656K, used 6319K [0x00000000d5580000, 0x00000000d6080000, 0x0000000100000000)
  eden space 4608K, 99% used [0x00000000d5580000,0x00000000d59f4908,0x00000000d5a00000)
  from space 2048K, 85% used [0x00000000d5c80000,0x00000000d5e374f0,0x00000000d5e80000)
  to   space 2048K, 0% used [0x00000000d5e80000,0x00000000d5e80000,0x00000000d6080000)
 ParOldGen       total 154624K, used 154137K [0x0000000080000000, 0x0000000089700000, 0x00000000d5580000)
  object space 154624K, 99% used [0x0000000080000000,0x00000000896864d0,0x0000000089700000)
 Metaspace       used 64986K, committed 66496K, reserved 1114112K
  class space    used 6818K, committed 7488K, reserved 1048576K
}
Event: 12.569 GC heap after
{Heap after GC invocations=87 (full 3):
 PSYoungGen      total 6144K, used 1044K [0x00000000d5580000, 0x00000000d6000000, 0x0000000100000000)
  eden space 4608K, 0% used [0x00000000d5580000,0x00000000d5580000,0x00000000d5a00000)
  from space 1536K, 68% used [0x00000000d5e80000,0x00000000d5f852e8,0x00000000d6000000)
  to   space 1536K, 0% used [0x00000000d5d00000,0x00000000d5d00000,0x00000000d5e80000)
 ParOldGen       total 156160K, used 155680K [0x0000000080000000, 0x0000000089880000, 0x00000000d5580000)
  object space 156160K, 99% used [0x0000000080000000,0x0000000089808340,0x0000000089880000)
 Metaspace       used 64986K, committed 66496K, reserved 1114112K
  class space    used 6818K, committed 7488K, reserved 1048576K
}
Event: 12.597 GC heap before
{Heap before GC invocations=88 (full 3):
 PSYoungGen      total 6144K, used 5652K [0x00000000d5580000, 0x00000000d6000000, 0x0000000100000000)
  eden space 4608K, 100% used [0x00000000d5580000,0x00000000d5a00000,0x00000000d5a00000)
  from space 1536K, 68% used [0x00000000d5e80000,0x00000000d5f852e8,0x00000000d6000000)
  to   space 1536K, 0% used [0x00000000d5d00000,0x00000000d5d00000,0x00000000d5e80000)
 ParOldGen       total 156160K, used 155680K [0x0000000080000000, 0x0000000089880000, 0x00000000d5580000)
  object space 156160K, 99% used [0x0000000080000000,0x0000000089808340,0x0000000089880000)
 Metaspace       used 65014K, committed 66560K, reserved 1114112K
  class space    used 6824K, committed 7552K, reserved 1048576K
}
Event: 12.598 GC heap after
{Heap after GC invocations=88 (full 3):
 PSYoungGen      total 6144K, used 1534K [0x00000000d5580000, 0x00000000d5f00000, 0x0000000100000000)
  eden space 4608K, 0% used [0x00000000d5580000,0x00000000d5580000,0x00000000d5a00000)
  from space 1536K, 99% used [0x00000000d5d00000,0x00000000d5e7fb70,0x00000000d5e80000)
  to   space 512K, 0% used [0x00000000d5e80000,0x00000000d5e80000,0x00000000d5f00000)
 ParOldGen       total 156672K, used 156300K [0x0000000080000000, 0x0000000089900000, 0x00000000d5580000)
  object space 156672K, 99% used [0x0000000080000000,0x00000000898a3080,0x0000000089900000)
 Metaspace       used 65014K, committed 66560K, reserved 1114112K
  class space    used 6824K, committed 7552K, reserved 1048576K
}
Event: 12.645 GC heap before
{Heap before GC invocations=89 (full 3):
 PSYoungGen      total 6144K, used 6142K [0x00000000d5580000, 0x00000000d5f00000, 0x0000000100000000)
  eden space 4608K, 100% used [0x00000000d5580000,0x00000000d5a00000,0x00000000d5a00000)
  from space 1536K, 99% used [0x00000000d5d00000,0x00000000d5e7fb70,0x00000000d5e80000)
  to   space 512K, 0% used [0x00000000d5e80000,0x00000000d5e80000,0x00000000d5f00000)
 ParOldGen       total 156672K, used 156300K [0x0000000080000000, 0x0000000089900000, 0x00000000d5580000)
  object space 156672K, 99% used [0x0000000080000000,0x00000000898a3080,0x0000000089900000)
 Metaspace       used 65147K, committed 66688K, reserved 1114112K
  class space    used 6854K, committed 7552K, reserved 1048576K
}
Event: 12.647 GC heap after
{Heap after GC invocations=89 (full 3):
 PSYoungGen      total 5120K, used 481K [0x00000000d5580000, 0x00000000d6000000, 0x0000000100000000)
  eden space 4608K, 0% used [0x00000000d5580000,0x00000000d5580000,0x00000000d5a00000)
  from space 512K, 94% used [0x00000000d5e80000,0x00000000d5ef85b0,0x00000000d5f00000)
  to   space 3072K, 0% used [0x00000000d5a00000,0x00000000d5a00000,0x00000000d5d00000)
 ParOldGen       total 158720K, used 158641K [0x0000000080000000, 0x0000000089b00000, 0x00000000d5580000)
  object space 158720K, 99% used [0x0000000080000000,0x0000000089aec4c0,0x0000000089b00000)
 Metaspace       used 65147K, committed 66688K, reserved 1114112K
  class space    used 6854K, committed 7552K, reserved 1048576K
}
Event: 12.661 GC heap before
{Heap before GC invocations=90 (full 3):
 PSYoungGen      total 5120K, used 5089K [0x00000000d5580000, 0x00000000d6000000, 0x0000000100000000)
  eden space 4608K, 100% used [0x00000000d5580000,0x00000000d5a00000,0x00000000d5a00000)
  from space 512K, 94% used [0x00000000d5e80000,0x00000000d5ef85b0,0x00000000d5f00000)
  to   space 3072K, 0% used [0x00000000d5a00000,0x00000000d5a00000,0x00000000d5d00000)
 ParOldGen       total 158720K, used 158641K [0x0000000080000000, 0x0000000089b00000, 0x00000000d5580000)
  object space 158720K, 99% used [0x0000000080000000,0x0000000089aec4c0,0x0000000089b00000)
 Metaspace       used 65158K, committed 66688K, reserved 1114112K
  class space    used 6854K, committed 7552K, reserved 1048576K
}
Event: 12.662 GC heap after
{Heap after GC invocations=90 (full 3):
 PSYoungGen      total 7680K, used 1312K [0x00000000d5580000, 0x00000000d5f00000, 0x0000000100000000)
  eden space 4608K, 0% used [0x00000000d5580000,0x00000000d5580000,0x00000000d5a00000)
  from space 3072K, 42% used [0x00000000d5a00000,0x00000000d5b48000,0x00000000d5d00000)
  to   space 2048K, 0% used [0x00000000d5d00000,0x00000000d5d00000,0x00000000d5f00000)
 ParOldGen       total 159232K, used 159135K [0x0000000080000000, 0x0000000089b80000, 0x00000000d5580000)
  object space 159232K, 99% used [0x0000000080000000,0x0000000089b67da8,0x0000000089b80000)
 Metaspace       used 65158K, committed 66688K, reserved 1114112K
  class space    used 6854K, committed 7552K, reserved 1048576K
}
Event: 12.689 GC heap before
{Heap before GC invocations=91 (full 3):
 PSYoungGen      total 7680K, used 5920K [0x00000000d5580000, 0x00000000d5f00000, 0x0000000100000000)
  eden space 4608K, 100% used [0x00000000d5580000,0x00000000d5a00000,0x00000000d5a00000)
  from space 3072K, 42% used [0x00000000d5a00000,0x00000000d5b48000,0x00000000d5d00000)
  to   space 2048K, 0% used [0x00000000d5d00000,0x00000000d5d00000,0x00000000d5f00000)
 ParOldGen       total 159232K, used 159135K [0x0000000080000000, 0x0000000089b80000, 0x00000000d5580000)
  object space 159232K, 99% used [0x0000000080000000,0x0000000089b67da8,0x0000000089b80000)
 Metaspace       used 65172K, committed 66752K, reserved 1114112K
  class space    used 6856K, committed 7552K, reserved 1048576K
}
Event: 12.691 GC heap after
{Heap after GC invocations=91 (full 3):
 PSYoungGen      total 6656K, used 1632K [0x00000000d5580000, 0x00000000d5f00000, 0x0000000100000000)
  eden space 4608K, 0% used [0x00000000d5580000,0x00000000d5580000,0x00000000d5a00000)
  from space 2048K, 79% used [0x00000000d5d00000,0x00000000d5e98010,0x00000000d5f00000)
  to   space 2048K, 0% used [0x00000000d5b00000,0x00000000d5b00000,0x00000000d5d00000)
 ParOldGen       total 160256K, used 160223K [0x0000000080000000, 0x0000000089c80000, 0x00000000d5580000)
  object space 160256K, 99% used [0x0000000080000000,0x0000000089c77da8,0x0000000089c80000)
 Metaspace       used 65172K, committed 66752K, reserved 1114112K
  class space    used 6856K, committed 7552K, reserved 1048576K
}
Event: 16.106 GC heap before
{Heap before GC invocations=92 (full 3):
 PSYoungGen      total 6656K, used 6240K [0x00000000d5580000, 0x00000000d5f00000, 0x0000000100000000)
  eden space 4608K, 99% used [0x00000000d5580000,0x00000000d59ffff8,0x00000000d5a00000)
  from space 2048K, 79% used [0x00000000d5d00000,0x00000000d5e98010,0x00000000d5f00000)
  to   space 2048K, 0% used [0x00000000d5b00000,0x00000000d5b00000,0x00000000d5d00000)
 ParOldGen       total 160256K, used 160223K [0x0000000080000000, 0x0000000089c80000, 0x00000000d5580000)
  object space 160256K, 99% used [0x0000000080000000,0x0000000089c77da8,0x0000000089c80000)
 Metaspace       used 65486K, committed 67072K, reserved 1114112K
  class space    used 6883K, committed 7552K, reserved 1048576K
}
Event: 16.108 GC heap after
{Heap after GC invocations=92 (full 3):
 PSYoungGen      total 5120K, used 416K [0x00000000d5580000, 0x00000000d5d80000, 0x0000000100000000)
  eden space 4608K, 0% used [0x00000000d5580000,0x00000000d5580000,0x00000000d5a00000)
  from space 512K, 81% used [0x00000000d5b00000,0x00000000d5b68000,0x00000000d5b80000)
  to   space 1024K, 0% used [0x00000000d5c80000,0x00000000d5c80000,0x00000000d5d80000)
 ParOldGen       total 161792K, used 161650K [0x0000000080000000, 0x0000000089e00000, 0x00000000d5580000)
  object space 161792K, 99% used [0x0000000080000000,0x0000000089ddc938,0x0000000089e00000)
 Metaspace       used 65486K, committed 67072K, reserved 1114112K
  class space    used 6883K, committed 7552K, reserved 1048576K
}
Event: 93.832 GC heap before
{Heap before GC invocations=93 (full 3):
 PSYoungGen      total 5120K, used 5024K [0x00000000d5580000, 0x00000000d5d80000, 0x0000000100000000)
  eden space 4608K, 100% used [0x00000000d5580000,0x00000000d5a00000,0x00000000d5a00000)
  from space 512K, 81% used [0x00000000d5b00000,0x00000000d5b68000,0x00000000d5b80000)
  to   space 1024K, 0% used [0x00000000d5c80000,0x00000000d5c80000,0x00000000d5d80000)
 ParOldGen       total 161792K, used 161650K [0x0000000080000000, 0x0000000089e00000, 0x00000000d5580000)
  object space 161792K, 99% used [0x0000000080000000,0x0000000089ddc938,0x0000000089e00000)
 Metaspace       used 65591K, committed 67136K, reserved 1114112K
  class space    used 6886K, committed 7552K, reserved 1048576K
}
Event: 93.833 GC heap after
{Heap after GC invocations=93 (full 3):
 PSYoungGen      total 5632K, used 532K [0x00000000d5580000, 0x00000000d5d80000, 0x0000000100000000)
  eden space 4608K, 0% used [0x00000000d5580000,0x00000000d5580000,0x00000000d5a00000)
  from space 1024K, 52% used [0x00000000d5c80000,0x00000000d5d05200,0x00000000d5d80000)
  to   space 1024K, 0% used [0x00000000d5b80000,0x00000000d5b80000,0x00000000d5c80000)
 ParOldGen       total 162304K, used 161882K [0x0000000080000000, 0x0000000089e80000, 0x00000000d5580000)
  object space 162304K, 99% used [0x0000000080000000,0x0000000089e16938,0x0000000089e80000)
 Metaspace       used 65591K, committed 67136K, reserved 1114112K
  class space    used 6886K, committed 7552K, reserved 1048576K
}
Event: 94.863 GC heap before
{Heap before GC invocations=94 (full 3):
 PSYoungGen      total 5632K, used 5140K [0x00000000d5580000, 0x00000000d5d80000, 0x0000000100000000)
  eden space 4608K, 100% used [0x00000000d5580000,0x00000000d5a00000,0x00000000d5a00000)
  from space 1024K, 52% used [0x00000000d5c80000,0x00000000d5d05200,0x00000000d5d80000)
  to   space 1024K, 0% used [0x00000000d5b80000,0x00000000d5b80000,0x00000000d5c80000)
 ParOldGen       total 162304K, used 161882K [0x0000000080000000, 0x0000000089e80000, 0x00000000d5580000)
  object space 162304K, 99% used [0x0000000080000000,0x0000000089e16938,0x0000000089e80000)
 Metaspace       used 65597K, committed 67136K, reserved 1114112K
  class space    used 6886K, committed 7552K, reserved 1048576K
}
Event: 97.879 GC heap after
{Heap after GC invocations=94 (full 3):
 PSYoungGen      total 5632K, used 1010K [0x00000000d5580000, 0x00000000d5d80000, 0x0000000100000000)
  eden space 4608K, 0% used [0x00000000d5580000,0x00000000d5580000,0x00000000d5a00000)
  from space 1024K, 98% used [0x00000000d5b80000,0x00000000d5c7ca28,0x00000000d5c80000)
  to   space 1024K, 0% used [0x00000000d5c80000,0x00000000d5c80000,0x00000000d5d80000)
 ParOldGen       total 164864K, used 164797K [0x0000000080000000, 0x000000008a100000, 0x00000000d5580000)
  object space 164864K, 99% used [0x0000000080000000,0x000000008a0ef4e8,0x000000008a100000)
 Metaspace       used 65597K, committed 67136K, reserved 1114112K
  class space    used 6886K, committed 7552K, reserved 1048576K
}
Event: 98.297 GC heap before
{Heap before GC invocations=95 (full 3):
 PSYoungGen      total 5632K, used 5618K [0x00000000d5580000, 0x00000000d5d80000, 0x0000000100000000)
  eden space 4608K, 100% used [0x00000000d5580000,0x00000000d5a00000,0x00000000d5a00000)
  from space 1024K, 98% used [0x00000000d5b80000,0x00000000d5c7ca28,0x00000000d5c80000)
  to   space 1024K, 0% used [0x00000000d5c80000,0x00000000d5c80000,0x00000000d5d80000)
 ParOldGen       total 164864K, used 164797K [0x0000000080000000, 0x000000008a100000, 0x00000000d5580000)
  object space 164864K, 99% used [0x0000000080000000,0x000000008a0ef4e8,0x000000008a100000)
 Metaspace       used 65623K, committed 67136K, reserved 1114112K
  class space    used 6886K, committed 7552K, reserved 1048576K
}
Event: 98.299 GC heap after
{Heap after GC invocations=95 (full 3):
 PSYoungGen      total 4096K, used 1019K [0x00000000d5580000, 0x00000000d6200000, 0x0000000100000000)
  eden space 3072K, 0% used [0x00000000d5580000,0x00000000d5580000,0x00000000d5880000)
  from space 1024K, 99% used [0x00000000d5c80000,0x00000000d5d7ef08,0x00000000d5d80000)
  to   space 4096K, 0% used [0x00000000d5880000,0x00000000d5880000,0x00000000d5c80000)
 ParOldGen       total 167424K, used 167421K [0x0000000080000000, 0x000000008a380000, 0x00000000d5580000)
  object space 167424K, 99% used [0x0000000080000000,0x000000008a37f410,0x000000008a380000)
 Metaspace       used 65623K, committed 67136K, reserved 1114112K
  class space    used 6886K, committed 7552K, reserved 1048576K
}

