# JRE version: OpenJDK Runtime Environment Temurin-21.0.9+10 (21.0.9+10) (build 21.0.9+10-LTS)
# Java VM: OpenJDK 64-Bit Server VM Temurin-21.0.9+10 (21.0.9+10-LTS, mixed mode, sharing, tiered, compressed oops, compressed class ptrs, parallel gc, windows-amd64)
GC Precious Log:
 CardTable entry size: 512
 CPUs: 16 total, 16 available
 Memory: 7876M
 Large Page Support: Disabled
 NUMA Support: Disabled
 Compressed Oops: Enabled (32-bit)
 Alignments: Space 512K, Generation 512K, Heap 2M
 Heap Min Capacity: 100M
 Heap Initial Capacity: 100M
 Heap Max Capacity: 2G
 Pre-touch: Disabled
 Parallel Workers: 13
Heap:
 PSYoungGen      total 22016K, used 5402K [0x00000000d5580000, 0x00000000d6e80000, 0x0000000100000000)
  eden space 20992K, 22% used [0x00000000d5580000,0x00000000d5a11820,0x00000000d6a00000)
  from space 1024K, 70% used [0x00000000d6c00000,0x00000000d6cb53c8,0x00000000d6d00000)
  to   space 1536K, 0% used [0x00000000d6d00000,0x00000000d6d00000,0x00000000d6e80000)
 ParOldGen       total 68608K, used 50827K [0x0000000080000000, 0x0000000084300000, 0x00000000d5580000)
  object space 68608K, 74% used [0x0000000080000000,0x00000000831a2ca0,0x0000000084300000)
 Metaspace       used 52140K, committed 53440K, reserved 1114112K
  class space    used 5667K, committed 6272K, reserved 1048576K
GC Heap History (20 events):
Event: 3.458 GC heap before
{Heap before GC invocations=22 (full 2):
 PSYoungGen      total 22528K, used 22464K [0x00000000d5580000, 0x00000000d7400000, 0x0000000100000000)
  eden space 20992K, 100% used [0x00000000d5580000,0x00000000d6a00000,0x00000000d6a00000)
  from space 1536K, 95% used [0x00000000d7200000,0x00000000d7370000,0x00000000d7380000)
  to   space 512K, 0% used [0x00000000d7380000,0x00000000d7380000,0x00000000d7400000)
 ParOldGen       total 68608K, used 32899K [0x0000000080000000, 0x0000000084300000, 0x00000000d5580000)
  object space 68608K, 47% used [0x0000000080000000,0x0000000082020fa0,0x0000000084300000)
 Metaspace       used 47601K, committed 48896K, reserved 1114112K
  class space    used 5168K, committed 5760K, reserved 1048576K
}
Event: 3.460 GC heap after
{Heap after GC invocations=22 (full 2):
 PSYoungGen      total 21504K, used 504K [0x00000000d5580000, 0x00000000d7400000, 0x0000000100000000)
  eden space 20992K, 0% used [0x00000000d5580000,0x00000000d5580000,0x00000000d6a00000)
  from space 512K, 98% used [0x00000000d7380000,0x00000000d73fe140,0x00000000d7400000)
  to   space 2560K, 0% used [0x00000000d6f00000,0x00000000d6f00000,0x00000000d7180000)
 ParOldGen       total 68608K, used 34781K [0x0000000080000000, 0x0000000084300000, 0x00000000d5580000)
  object space 68608K, 50% used [0x0000000080000000,0x00000000821f7450,0x0000000084300000)
 Metaspace       used 47601K, committed 48896K, reserved 1114112K
  class space    used 5168K, committed 5760K, reserved 1048576K
}
Event: 4.617 GC heap before
{Heap before GC invocations=23 (full 2):
 PSYoungGen      total 21504K, used 21496K [0x00000000d5580000, 0x00000000d7400000, 0x0000000100000000)
  eden space 20992K, 100% used [0x00000000d5580000,0x00000000d6a00000,0x00000000d6a00000)
  from space 512K, 98% used [0x00000000d7380000,0x00000000d73fe140,0x00000000d7400000)
  to   space 2560K, 0% used [0x00000000d6f00000,0x00000000d6f00000,0x00000000d7180000)
 ParOldGen       total 68608K, used 34781K [0x0000000080000000, 0x0000000084300000, 0x00000000d5580000)
  object space 68608K, 50% used [0x0000000080000000,0x00000000821f7450,0x0000000084300000)
 Metaspace       used 48812K, committed 50112K, reserved 1114112K
  class space    used 5287K, committed 5888K, reserved 1048576K
}
Event: 4.619 GC heap after
{Heap after GC invocations=23 (full 2):
 PSYoungGen      total 23552K, used 1792K [0x00000000d5580000, 0x00000000d7400000, 0x0000000100000000)
  eden space 20992K, 0% used [0x00000000d5580000,0x00000000d5580000,0x00000000d6a00000)
  from space 2560K, 70% used [0x00000000d6f00000,0x00000000d70c0030,0x00000000d7180000)
  to   space 2048K, 0% used [0x00000000d7200000,0x00000000d7200000,0x00000000d7400000)
 ParOldGen       total 68608K, used 35307K [0x0000000080000000, 0x0000000084300000, 0x00000000d5580000)
  object space 68608K, 51% used [0x0000000080000000,0x000000008227ac10,0x0000000084300000)
 Metaspace       used 48812K, committed 50112K, reserved 1114112K
  class space    used 5287K, committed 5888K, reserved 1048576K
}
Event: 4.640 GC heap before
{Heap before GC invocations=24 (full 2):
 PSYoungGen      total 23552K, used 22784K [0x00000000d5580000, 0x00000000d7400000, 0x0000000100000000)
  eden space 20992K, 100% used [0x00000000d5580000,0x00000000d6a00000,0x00000000d6a00000)
  from space 2560K, 70% used [0x00000000d6f00000,0x00000000d70c0030,0x00000000d7180000)
  to   space 2048K, 0% used [0x00000000d7200000,0x00000000d7200000,0x00000000d7400000)
 ParOldGen       total 68608K, used 35307K [0x0000000080000000, 0x0000000084300000, 0x00000000d5580000)
  object space 68608K, 51% used [0x0000000080000000,0x000000008227ac10,0x0000000084300000)
 Metaspace       used 48842K, committed 50112K, reserved 1114112K
  class space    used 5287K, committed 5888K, reserved 1048576K
}
Event: 4.642 GC heap after
{Heap after GC invocations=24 (full 2):
 PSYoungGen      total 23040K, used 2016K [0x00000000d5580000, 0x00000000d7400000, 0x0000000100000000)
  eden space 20992K, 0% used [0x00000000d5580000,0x00000000d5580000,0x00000000d6a00000)
  from space 2048K, 98% used [0x00000000d7200000,0x00000000d73f8010,0x00000000d7400000)
  to   space 2560K, 0% used [0x00000000d6f00000,0x00000000d6f00000,0x00000000d7180000)
 ParOldGen       total 68608K, used 36960K [0x0000000080000000, 0x0000000084300000, 0x00000000d5580000)
  object space 68608K, 53% used [0x0000000080000000,0x0000000082418218,0x0000000084300000)
 Metaspace       used 48842K, committed 50112K, reserved 1114112K
  class space    used 5287K, committed 5888K, reserved 1048576K
}
Event: 4.688 GC heap before
{Heap before GC invocations=25 (full 2):
 PSYoungGen      total 23040K, used 23008K [0x00000000d5580000, 0x00000000d7400000, 0x0000000100000000)
  eden space 20992K, 100% used [0x00000000d5580000,0x00000000d6a00000,0x00000000d6a00000)
  from space 2048K, 98% used [0x00000000d7200000,0x00000000d73f8010,0x00000000d7400000)
  to   space 2560K, 0% used [0x00000000d6f00000,0x00000000d6f00000,0x00000000d7180000)
 ParOldGen       total 68608K, used 36960K [0x0000000080000000, 0x0000000084300000, 0x00000000d5580000)
  object space 68608K, 53% used [0x0000000080000000,0x0000000082418218,0x0000000084300000)
 Metaspace       used 49211K, committed 50496K, reserved 1114112K
  class space    used 5352K, committed 5952K, reserved 1048576K
}
Event: 4.690 GC heap after
{Heap after GC invocations=25 (full 2):
 PSYoungGen      total 23552K, used 2530K [0x00000000d5580000, 0x00000000d7400000, 0x0000000100000000)
  eden space 20992K, 0% used [0x00000000d5580000,0x00000000d5580000,0x00000000d6a00000)
  from space 2560K, 98% used [0x00000000d6f00000,0x00000000d7178890,0x00000000d7180000)
  to   space 2560K, 0% used [0x00000000d7180000,0x00000000d7180000,0x00000000d7400000)
 ParOldGen       total 68608K, used 38896K [0x0000000080000000, 0x0000000084300000, 0x00000000d5580000)
  object space 68608K, 56% used [0x0000000080000000,0x00000000825fc228,0x0000000084300000)
 Metaspace       used 49211K, committed 50496K, reserved 1114112K
  class space    used 5352K, committed 5952K, reserved 1048576K
}
Event: 4.712 GC heap before
{Heap before GC invocations=26 (full 2):
 PSYoungGen      total 23552K, used 23522K [0x00000000d5580000, 0x00000000d7400000, 0x0000000100000000)
  eden space 20992K, 100% used [0x00000000d5580000,0x00000000d6a00000,0x00000000d6a00000)
  from space 2560K, 98% used [0x00000000d6f00000,0x00000000d7178890,0x00000000d7180000)
  to   space 2560K, 0% used [0x00000000d7180000,0x00000000d7180000,0x00000000d7400000)
 ParOldGen       total 68608K, used 38896K [0x0000000080000000, 0x0000000084300000, 0x00000000d5580000)
  object space 68608K, 56% used [0x0000000080000000,0x00000000825fc228,0x0000000084300000)
 Metaspace       used 49240K, committed 50624K, reserved 1114112K
  class space    used 5353K, committed 6016K, reserved 1048576K
}
Event: 4.714 GC heap after
{Heap after GC invocations=26 (full 2):
 PSYoungGen      total 23552K, used 2176K [0x00000000d5580000, 0x00000000d7400000, 0x0000000100000000)
  eden space 20992K, 0% used [0x00000000d5580000,0x00000000d5580000,0x00000000d6a00000)
  from space 2560K, 85% used [0x00000000d7180000,0x00000000d73a0000,0x00000000d7400000)
  to   space 3072K, 0% used [0x00000000d6e00000,0x00000000d6e00000,0x00000000d7100000)
 ParOldGen       total 68608K, used 41310K [0x0000000080000000, 0x0000000084300000, 0x00000000d5580000)
  object space 68608K, 60% used [0x0000000080000000,0x0000000082857b08,0x0000000084300000)
 Metaspace       used 49240K, committed 50624K, reserved 1114112K
  class space    used 5353K, committed 6016K, reserved 1048576K
}
Event: 4.733 GC heap before
{Heap before GC invocations=27 (full 2):
 PSYoungGen      total 23552K, used 23168K [0x00000000d5580000, 0x00000000d7400000, 0x0000000100000000)
  eden space 20992K, 100% used [0x00000000d5580000,0x00000000d6a00000,0x00000000d6a00000)
  from space 2560K, 85% used [0x00000000d7180000,0x00000000d73a0000,0x00000000d7400000)
  to   space 3072K, 0% used [0x00000000d6e00000,0x00000000d6e00000,0x00000000d7100000)
 ParOldGen       total 68608K, used 41310K [0x0000000080000000, 0x0000000084300000, 0x00000000d5580000)
  object space 68608K, 60% used [0x0000000080000000,0x0000000082857b08,0x0000000084300000)
 Metaspace       used 49254K, committed 50624K, reserved 1114112K
  class space    used 5353K, committed 6016K, reserved 1048576K
}
Event: 4.736 GC heap after
{Heap after GC invocations=27 (full 2):
 PSYoungGen      total 23552K, used 2244K [0x00000000d5580000, 0x00000000d7200000, 0x0000000100000000)
  eden space 20992K, 0% used [0x00000000d5580000,0x00000000d5580000,0x00000000d6a00000)
  from space 2560K, 87% used [0x00000000d6e00000,0x00000000d7031000,0x00000000d7080000)
  to   space 1536K, 0% used [0x00000000d7080000,0x00000000d7080000,0x00000000d7200000)
 ParOldGen       total 68608K, used 43318K [0x0000000080000000, 0x0000000084300000, 0x00000000d5580000)
  object space 68608K, 63% used [0x0000000080000000,0x0000000082a4db08,0x0000000084300000)
 Metaspace       used 49254K, committed 50624K, reserved 1114112K
  class space    used 5353K, committed 6016K, reserved 1048576K
}
Event: 4.762 GC heap before
{Heap before GC invocations=28 (full 2):
 PSYoungGen      total 23552K, used 23236K [0x00000000d5580000, 0x00000000d7200000, 0x0000000100000000)
  eden space 20992K, 100% used [0x00000000d5580000,0x00000000d6a00000,0x00000000d6a00000)
  from space 2560K, 87% used [0x00000000d6e00000,0x00000000d7031000,0x00000000d7080000)
  to   space 1536K, 0% used [0x00000000d7080000,0x00000000d7080000,0x00000000d7200000)
 ParOldGen       total 68608K, used 43318K [0x0000000080000000, 0x0000000084300000, 0x00000000d5580000)
  object space 68608K, 63% used [0x0000000080000000,0x0000000082a4db08,0x0000000084300000)
 Metaspace       used 49350K, committed 50688K, reserved 1114112K
  class space    used 5355K, committed 6016K, reserved 1048576K
}
Event: 4.765 GC heap after
{Heap after GC invocations=28 (full 2):
 PSYoungGen      total 22528K, used 1504K [0x00000000d5580000, 0x00000000d7300000, 0x0000000100000000)
  eden space 20992K, 0% used [0x00000000d5580000,0x00000000d5580000,0x00000000d6a00000)
  from space 1536K, 97% used [0x00000000d7080000,0x00000000d71f8010,0x00000000d7200000)
  to   space 4608K, 0% used [0x00000000d6a00000,0x00000000d6a00000,0x00000000d6e80000)
 ParOldGen       total 68608K, used 45900K [0x0000000080000000, 0x0000000084300000, 0x00000000d5580000)
  object space 68608K, 66% used [0x0000000080000000,0x0000000082cd3320,0x0000000084300000)
 Metaspace       used 49350K, committed 50688K, reserved 1114112K
  class space    used 5355K, committed 6016K, reserved 1048576K
}
Event: 4.794 GC heap before
{Heap before GC invocations=29 (full 2):
 PSYoungGen      total 22528K, used 22496K [0x00000000d5580000, 0x00000000d7300000, 0x0000000100000000)
  eden space 20992K, 100% used [0x00000000d5580000,0x00000000d6a00000,0x00000000d6a00000)
  from space 1536K, 97% used [0x00000000d7080000,0x00000000d71f8010,0x00000000d7200000)
  to   space 4608K, 0% used [0x00000000d6a00000,0x00000000d6a00000,0x00000000d6e80000)
 ParOldGen       total 68608K, used 45900K [0x0000000080000000, 0x0000000084300000, 0x00000000d5580000)
  object space 68608K, 66% used [0x0000000080000000,0x0000000082cd3320,0x0000000084300000)
 Metaspace       used 49472K, committed 50816K, reserved 1114112K
  class space    used 5357K, committed 6016K, reserved 1048576K
}
Event: 4.796 GC heap after
{Heap after GC invocations=29 (full 2):
 PSYoungGen      total 23552K, used 2104K [0x00000000d5580000, 0x00000000d7100000, 0x0000000100000000)
  eden space 20992K, 0% used [0x00000000d5580000,0x00000000d5580000,0x00000000d6a00000)
  from space 2560K, 82% used [0x00000000d6a00000,0x00000000d6c0e200,0x00000000d6c80000)
  to   space 3072K, 0% used [0x00000000d6e00000,0x00000000d6e00000,0x00000000d7100000)
 ParOldGen       total 68608K, used 47428K [0x0000000080000000, 0x0000000084300000, 0x00000000d5580000)
  object space 68608K, 69% used [0x0000000080000000,0x0000000082e51330,0x0000000084300000)
 Metaspace       used 49472K, committed 50816K, reserved 1114112K
  class space    used 5357K, committed 6016K, reserved 1048576K
}
Event: 4.872 GC heap before
{Heap before GC invocations=30 (full 2):
 PSYoungGen      total 23552K, used 23096K [0x00000000d5580000, 0x00000000d7100000, 0x0000000100000000)
  eden space 20992K, 100% used [0x00000000d5580000,0x00000000d6a00000,0x00000000d6a00000)
  from space 2560K, 82% used [0x00000000d6a00000,0x00000000d6c0e200,0x00000000d6c80000)
  to   space 3072K, 0% used [0x00000000d6e00000,0x00000000d6e00000,0x00000000d7100000)
 ParOldGen       total 68608K, used 47428K [0x0000000080000000, 0x0000000084300000, 0x00000000d5580000)
  object space 68608K, 69% used [0x0000000080000000,0x0000000082e51330,0x0000000084300000)
 Metaspace       used 49934K, committed 51200K, reserved 1114112K
  class space    used 5418K, committed 6016K, reserved 1048576K
}
Event: 4.874 GC heap after
{Heap after GC invocations=30 (full 2):
 PSYoungGen      total 23040K, used 1696K [0x00000000d5580000, 0x00000000d7000000, 0x0000000100000000)
  eden space 20992K, 0% used [0x00000000d5580000,0x00000000d5580000,0x00000000d6a00000)
  from space 2048K, 82% used [0x00000000d6e00000,0x00000000d6fa8000,0x00000000d7000000)
  to   space 2048K, 0% used [0x00000000d6c00000,0x00000000d6c00000,0x00000000d6e00000)
 ParOldGen       total 68608K, used 49357K [0x0000000080000000, 0x0000000084300000, 0x00000000d5580000)
  object space 68608K, 71% used [0x0000000080000000,0x0000000083033530,0x0000000084300000)
 Metaspace       used 49934K, committed 51200K, reserved 1114112K
  class space    used 5418K, committed 6016K, reserved 1048576K
}
Event: 5.053 GC heap before
{Heap before GC invocations=31 (full 2):
 PSYoungGen      total 23040K, used 22673K [0x00000000d5580000, 0x00000000d7000000, 0x0000000100000000)
  eden space 20992K, 99% used [0x00000000d5580000,0x00000000d69fc638,0x00000000d6a00000)
  from space 2048K, 82% used [0x00000000d6e00000,0x00000000d6fa8000,0x00000000d7000000)
  to   space 2048K, 0% used [0x00000000d6c00000,0x00000000d6c00000,0x00000000d6e00000)
 ParOldGen       total 68608K, used 49357K [0x0000000080000000, 0x0000000084300000, 0x00000000d5580000)
  object space 68608K, 71% used [0x0000000080000000,0x0000000083033530,0x0000000084300000)
 Metaspace       used 51858K, committed 53248K, reserved 1114112K
  class space    used 5643K, committed 6272K, reserved 1048576K
}
Event: 5.055 GC heap after
{Heap after GC invocations=31 (full 2):
 PSYoungGen      total 22016K, used 724K [0x00000000d5580000, 0x00000000d6e80000, 0x0000000100000000)
  eden space 20992K, 0% used [0x00000000d5580000,0x00000000d5580000,0x00000000d6a00000)
  from space 1024K, 70% used [0x00000000d6c00000,0x00000000d6cb53c8,0x00000000d6d00000)
  to   space 1536K, 0% used [0x00000000d6d00000,0x00000000d6d00000,0x00000000d6e80000)
 ParOldGen       total 68608K, used 50827K [0x0000000080000000, 0x0000000084300000, 0x00000000d5580000)
  object space 68608K, 74% used [0x0000000080000000,0x00000000831a2ca0,0x0000000084300000)
 Metaspace       used 51858K, committed 53248K, reserved 1114112K
  class space    used 5643K, committed 6272K, reserved 1048576K
}

