# JRE version: Java(TM) SE Runtime Environment (25.0+37) (build 25+37-LTS-3491)
# Java VM: Java HotSpot(TM) 64-Bit Server VM (25+37-LTS-3491, mixed mode, emulated-client, sharing, tiered, compressed oops, compressed class ptrs, g1 gc, windows-amd64)
GC Precious Log:
 CardTable entry size: 512
 Card Set container configuration: InlinePtr #cards 5 size 8 Array Of Cards #cards 10 size 36 Howl #buckets 4 coarsen threshold 1843 Howl Bitmap #cards 512 size 80 coarsen threshold 460 Card regions per heap region 1 cards per card region 2048
 CPUs: 16 total, 16 available
 Memory: 7876M
 Large Page Support: Disabled
 NUMA Support: Disabled
 Compressed Oops: Enabled (32-bit)
 Heap Region Size: 1M
 Heap Min Capacity: 8M
 Heap Initial Capacity: 124M
 Heap Max Capacity: 1970M
 Pre-touch: Disabled
 Parallel Workers: 13
 Concurrent Workers: 3
 Concurrent Refinement Workers: 13
 Periodic GC: Disabled
Heap:
 garbage-first heap   total reserved 2017280K, committed 92160K, used 42762K [0x0000000084e00000, 0x0000000100000000)
  region size 1024K, 8 young (8192K), 4 survivors (4096K)
GC Heap Usage History (20 events):
Event: 633.190 {heap After GC invocations=37 (full 3):
 garbage-first heap   total reserved 2017280K, committed 91136K, used 34805K [0x0000000084e00000, 0x0000000100000000)
  region size 1024K, 4 young (4096K), 4 survivors (4096K)
}
Event: 633.980 {heap Before GC invocations=38 (full 3):
 garbage-first heap   total reserved 2017280K, committed 91136K, used 78837K [0x0000000084e00000, 0x0000000100000000)
  region size 1024K, 47 young (48128K), 4 survivors (4096K)
}
Event: 633.986 {heap After GC invocations=39 (full 3):
 garbage-first heap   total reserved 2017280K, committed 91136K, used 37287K [0x0000000084e00000, 0x0000000100000000)
  region size 1024K, 3 young (3072K), 3 survivors (3072K)
}
Event: 634.256 {heap Before GC invocations=39 (full 3):
 garbage-first heap   total reserved 2017280K, committed 91136K, used 78247K [0x0000000084e00000, 0x0000000100000000)
  region size 1024K, 43 young (44032K), 3 survivors (3072K)
}
Event: 634.261 {heap After GC invocations=40 (full 3):
 garbage-first heap   total reserved 2017280K, committed 91136K, used 38076K [0x0000000084e00000, 0x0000000100000000)
  region size 1024K, 4 young (4096K), 4 survivors (4096K)
}
Event: 634.794 {heap Before GC invocations=40 (full 3):
 garbage-first heap   total reserved 2017280K, committed 91136K, used 80060K [0x0000000084e00000, 0x0000000100000000)
  region size 1024K, 45 young (46080K), 4 survivors (4096K)
}
Event: 634.801 {heap After GC invocations=41 (full 3):
 garbage-first heap   total reserved 2017280K, committed 91136K, used 39846K [0x0000000084e00000, 0x0000000100000000)
  region size 1024K, 3 young (3072K), 3 survivors (3072K)
}
Event: 883.944 {heap Before GC invocations=42 (full 3):
 garbage-first heap   total reserved 2017280K, committed 91136K, used 80806K [0x0000000084e00000, 0x0000000100000000)
  region size 1024K, 44 young (45056K), 3 survivors (3072K)
}
Event: 884.007 {heap After GC invocations=43 (full 3):
 garbage-first heap   total reserved 2017280K, committed 91136K, used 40523K [0x0000000084e00000, 0x0000000100000000)
  region size 1024K, 4 young (4096K), 4 survivors (4096K)
}
Event: 1000.261 {heap Before GC invocations=43 (full 3):
 garbage-first heap   total reserved 2017280K, committed 91136K, used 54859K [0x0000000084e00000, 0x0000000100000000)
  region size 1024K, 19 young (19456K), 4 survivors (4096K)
}
Event: 1000.389 {heap After GC invocations=44 (full 4):
 garbage-first heap   total reserved 2017280K, committed 91136K, used 27889K [0x0000000084e00000, 0x0000000100000000)
  region size 1024K, 0 young (0K), 0 survivors (0K)
}
Event: 1000.895 {heap Before GC invocations=44 (full 4):
 garbage-first heap   total reserved 2017280K, committed 91136K, used 79089K [0x0000000084e00000, 0x0000000100000000)
  region size 1024K, 51 young (52224K), 0 survivors (0K)
}
Event: 1000.901 {heap After GC invocations=45 (full 4):
 garbage-first heap   total reserved 2017280K, committed 91136K, used 33101K [0x0000000084e00000, 0x0000000100000000)
  region size 1024K, 6 young (6144K), 6 survivors (6144K)
}
Event: 1001.329 {heap Before GC invocations=46 (full 4):
 garbage-first heap   total reserved 2017280K, committed 91136K, used 79181K [0x0000000084e00000, 0x0000000100000000)
  region size 1024K, 51 young (52224K), 6 survivors (6144K)
}
Event: 1001.337 {heap After GC invocations=47 (full 4):
 garbage-first heap   total reserved 2017280K, committed 92160K, used 36067K [0x0000000084e00000, 0x0000000100000000)
  region size 1024K, 4 young (4096K), 4 survivors (4096K)
}
Event: 1001.481 {heap Before GC invocations=47 (full 4):
 garbage-first heap   total reserved 2017280K, committed 92160K, used 80099K [0x0000000084e00000, 0x0000000100000000)
  region size 1024K, 47 young (48128K), 4 survivors (4096K)
}
Event: 1001.484 {heap After GC invocations=48 (full 4):
 garbage-first heap   total reserved 2017280K, committed 92160K, used 36865K [0x0000000084e00000, 0x0000000100000000)
  region size 1024K, 4 young (4096K), 4 survivors (4096K)
}
Event: 1013.947 {heap Before GC invocations=48 (full 4):
 garbage-first heap   total reserved 2017280K, committed 92160K, used 82945K [0x0000000084e00000, 0x0000000100000000)
  region size 1024K, 49 young (50176K), 4 survivors (4096K)
}
Event: 1013.977 {heap After GC invocations=49 (full 4):
 garbage-first heap   total reserved 2017280K, committed 92160K, used 39690K [0x0000000084e00000, 0x0000000100000000)
  region size 1024K, 4 young (4096K), 4 survivors (4096K)
}
Event: 1030.769 {heap Before GC invocations=50 (full 4):
 garbage-first heap   total reserved 2017280K, committed 92160K, used 42762K [0x0000000084e00000, 0x0000000100000000)
  region size 1024K, 8 young (8192K), 4 survivors (4096K)
}

